<?xml version="1.0" encoding="UTF-8"?>
<!-- Generated by org.testng.reporters.JUnitXMLReporter -->
<testsuite ignored="2" hostname="DESKTOP-8BNSS5C" failures="0" tests="3" name="Default test" time="50.636" errors="0" timestamp="2024-11-13T17:01:55 IST">
  <testcase classname="PageTests.LeadManagementTest" name="verifyLeadManagementSubMenus" time="0.175"/>
  <testcase classname="PageTests.LeadManagementTest" name="verifyCreateLeadFeature" time="5.821"/>
  <testcase classname="PageTests.LeadManagementTest" name="verifySearchField" time="4.64"/>
  <testcase classname="PageTests.LeadManagementTest" name="verifyAddNoteFeature" time="0.0">
    <ignored/>
  </testcase> <!-- verifyAddNoteFeature -->
  <testcase classname="PageTests.LeadManagementTest" name="deleteLead" time="0.0">
    <ignored/>
  </testcase> <!-- deleteLead -->
</testsuite> <!-- Default test -->
