<?xml version="1.0" encoding="UTF-8"?>
<!-- Generated by org.testng.reporters.JUnitXMLReporter -->
<testsuite ignored="2" hostname="DESKTOP-8BNSS5C" failures="1" tests="1" name="Test" time="42.875" errors="0" timestamp="2024-09-10T20:21:53 IST">
  <testcase classname="TestData.LoginTest" name="validateLoginPageTitle" time="0.444">
    <failure type="java.lang.AssertionError" message="expected:&amp;lt;Performance Center&amp;gt; but was:&amp;lt;Performance Center1&amp;gt;">
      <![CDATA[java.lang.AssertionError: expected:<Performance Center> but was:<Performance Center1>
at TestData.LoginTest.validateLoginPageTitle(LoginTest.java:26)
at java.base/java.util.ArrayList.forEach(ArrayList.java:1597)
... Removed 27 stack frames]]>
    </failure>
  </testcase> <!-- validateLoginPageTitle -->
  <testcase classname="TestData.LoginTest" name="verifyForgotPwLink" time="0.0">
    <ignored/>
  </testcase> <!-- verifyForgotPwLink -->
  <testcase classname="TestData.LoginTest" name="validateLogin" time="0.0">
    <ignored/>
  </testcase> <!-- validateLogin -->
</testsuite> <!-- Test -->
