<?xml version="1.0" encoding="UTF-8"?>
<!-- Generated by org.testng.reporters.JUnitXMLReporter -->
<testsuite ignored="2" hostname="DESKTOP-8BNSS5C" failures="0" tests="3" name="Test" time="47.006" errors="0" timestamp="2024-11-13T17:08:00 IST">
  <testcase classname="PageTests.LeadManagementTest" name="verifyLeadManagementSubMenus" time="0.293"/>
  <testcase classname="PageTests.LeadManagementTest" name="verifyCreateLeadFeature" time="5.083"/>
  <testcase classname="PageTests.LeadManagementTest" name="verifySearchField" time="3.212"/>
  <testcase classname="PageTests.LeadManagementTest" name="verifyAddNoteFeature" time="0.0">
    <ignored/>
  </testcase> <!-- verifyAddNoteFeature -->
  <testcase classname="PageTests.LeadManagementTest" name="deleteLead" time="0.0">
    <ignored/>
  </testcase> <!-- deleteLead -->
</testsuite> <!-- Test -->
