<?xml version="1.0" encoding="UTF-8"?>
<testng-results ignored="2" total="5" passed="3" failed="0" skipped="0">
  <reporter-output>
  </reporter-output>
  <suite started-at="2024-11-13T17:07:13 IST" name="Suite" finished-at="2024-11-13T17:08:00 IST" duration-ms="47006">
    <groups>
      <group name="Regression">
        <method signature="LeadManagementTest.verifyCreateLeadFeature()[pri:2, instance:PageTests.LeadManagementTest@f09733f]" name="verifyCreateLeadFeature" class="PageTests.LeadManagementTest"/>
        <method signature="LeadManagementTest.verifyLeadManagementSubMenus()[pri:1, instance:PageTests.LeadManagementTest@f09733f]" name="verifyLeadManagementSubMenus" class="PageTests.LeadManagementTest"/>
      </group> <!-- Regression -->
    </groups>
    <test started-at="2024-11-13T17:07:13 IST" name="Test" finished-at="2024-11-13T17:08:00 IST" duration-ms="47006">
      <class name="PageTests.LeadManagementTest">
        <test-method is-config="true" signature="setup()[pri:0, instance:PageTests.LeadManagementTest@f09733f]" started-at="2024-11-13T17:07:13 IST" name="setup" finished-at="2024-11-13T17:07:26 IST" duration-ms="12966" status="PASS">
          <reporter-output>
          </reporter-output>
        </test-method> <!-- setup -->
        <test-method signature="verifyLeadManagementSubMenus()[pri:1, instance:PageTests.LeadManagementTest@f09733f]" started-at="2024-11-13T17:07:26 IST" name="verifyLeadManagementSubMenus" description="verification of lead management dropdown" finished-at="2024-11-13T17:07:26 IST" duration-ms="293" status="PASS">
          <reporter-output>
          </reporter-output>
        </test-method> <!-- verifyLeadManagementSubMenus -->
        <test-method is-config="true" signature="setup()[pri:0, instance:PageTests.LeadManagementTest@f09733f]" started-at="2024-11-13T17:07:26 IST" name="setup" finished-at="2024-11-13T17:07:40 IST" duration-ms="13346" status="PASS">
          <reporter-output>
          </reporter-output>
        </test-method> <!-- setup -->
        <test-method signature="verifyCreateLeadFeature()[pri:2, instance:PageTests.LeadManagementTest@f09733f]" started-at="2024-11-13T17:07:40 IST" name="verifyCreateLeadFeature" description="verification of create new lead" finished-at="2024-11-13T17:07:45 IST" duration-ms="5083" status="PASS">
          <reporter-output>
          </reporter-output>
        </test-method> <!-- verifyCreateLeadFeature -->
        <test-method is-config="true" signature="setup()[pri:0, instance:PageTests.LeadManagementTest@f09733f]" started-at="2024-11-13T17:07:45 IST" name="setup" finished-at="2024-11-13T17:07:57 IST" duration-ms="12061" status="PASS">
          <reporter-output>
          </reporter-output>
        </test-method> <!-- setup -->
        <test-method signature="verifySearchField()[pri:3, instance:PageTests.LeadManagementTest@f09733f]" started-at="2024-11-13T17:07:57 IST" name="verifySearchField" description="Verification of search field" finished-at="2024-11-13T17:08:00 IST" duration-ms="3212" status="PASS">
          <reporter-output>
          </reporter-output>
        </test-method> <!-- verifySearchField -->
      </class> <!-- PageTests.LeadManagementTest -->
    </test> <!-- Test -->
  </suite> <!-- Suite -->
</testng-results>
